{"C:\\Users\\sebas\\Desktop\\Kursinhalte\\2025\\08-August\\HA25082025\\mwst.js": {"path":"C:\\Users\\sebas\\Desktop\\Kursinhalte\\2025\\08-August\\HA25082025\\mwst.js","statementMap":{"0":{"start":{"line":3,"column":17},"end":{"line":3,"column":30}},"1":{"start":{"line":5,"column":2},"end":{"line":5,"column":40}},"2":{"start":{"line":10,"column":17},"end":{"line":10,"column":40}},"3":{"start":{"line":11,"column":2},"end":{"line":11,"column":64}},"4":{"start":{"line":14,"column":0},"end":{"line":14,"column":34}}},"fnMap":{"0":{"name":"mwst","decl":{"start":{"line":2,"column":9},"end":{"line":2,"column":13}},"loc":{"start":{"line":2,"column":35},"end":{"line":6,"column":1}},"line":2},"1":{"name":"brutto","decl":{"start":{"line":9,"column":9},"end":{"line":9,"column":15}},"loc":{"start":{"line":9,"column":42},"end":{"line":12,"column":1}},"line":9}},"branchMap":{"0":{"loc":{"start":{"line":2,"column":22},"end":{"line":2,"column":33}},"type":"default-arg","locations":[{"start":{"line":2,"column":29},"end":{"line":2,"column":33}}],"line":2},"1":{"loc":{"start":{"line":9,"column":29},"end":{"line":9,"column":40}},"type":"default-arg","locations":[{"start":{"line":9,"column":36},"end":{"line":9,"column":40}}],"line":9}},"s":{"0":0,"1":0,"2":0,"3":0,"4":1},"f":{"0":0,"1":0},"b":{"0":[0],"1":[0]},"_coverageSchema":"1a1c01bbd47fc00a2c39e90264f33305004495a9","hash":"916da5e13ea16de1af098e0a24646eb0bcad6c14"}
}
